<?xml version="1.0" encoding="UTF-8"?>
<!-- Generated by org.testng.reporters.JUnitReportReporter -->
<testsuite hostname="Jihad" failures="0" tests="11" name="AlmosaferTestCases.MyTestCases" time="18.086" errors="0" timestamp="2024-07-02T20:23:44 EET" skipped="0">
  <testcase classname="AlmosaferTestCases.MyTestCases" name="CheckLang" time="0.031"/>
  <system-out/>
  <testcase classname="AlmosaferTestCases.MyTestCases" name="CheckCurrency" time="0.047"/>
  <system-out/>
  <testcase classname="AlmosaferTestCases.MyTestCases" name="CheckContactNumber" time="0.089"/>
  <system-out/>
  <testcase classname="AlmosaferTestCases.MyTestCases" name="IsQitafLogoDisplaied" time="0.038"/>
  <system-out/>
  <testcase classname="AlmosaferTestCases.MyTestCases" name="CheckHotelNotSelcetedDefault" time="0.021"/>
  <system-out/>
  <testcase classname="AlmosaferTestCases.MyTestCases" name="CheckFlightDepartureAndFlightReturn" time="0.040"/>
  <system-out/>
  <testcase classname="AlmosaferTestCases.MyTestCases" name="ChangeTheLanguageOfWebsiteRandomly" time="0.912"/>
  <system-out/>
  <testcase classname="AlmosaferTestCases.MyTestCases" name="SelectHotel" time="0.510"/>
  <system-out/>
  <testcase classname="AlmosaferTestCases.MyTestCases" name="SelectNumOfPeople" time="4.635"/>
  <system-out/>
  <testcase classname="AlmosaferTestCases.MyTestCases" name="CheckThePageIsFullyLoaded" time="9.199"/>
  <system-out/>
  <testcase classname="AlmosaferTestCases.MyTestCases" name="SortItems" time="2.564"/>
  <system-out/>
</testsuite> <!-- AlmosaferTestCases.MyTestCases -->
